0 info it worked if it ends with ok
1 verbose cli [ '/usr/local/bin/node',
1 verbose cli   '/usr/local/bin/npm',
1 verbose cli   'run',
1 verbose cli   'start-server' ]
2 info using npm@3.3.12
3 info using node@v5.4.0
4 verbose run-script [ 'prestart-server', 'start-server', 'poststart-server' ]
5 info lifecycle MKRN@0.0.1~prestart-server: MKRN@0.0.1
6 silly lifecycle MKRN@0.0.1~prestart-server: no script for prestart-server, continuing
7 info lifecycle MKRN@0.0.1~start-server: MKRN@0.0.1
8 verbose lifecycle MKRN@0.0.1~start-server: unsafe-perm in lifecycle true
9 verbose lifecycle MKRN@0.0.1~start-server: PATH: /usr/local/lib/node_modules/npm/bin/node-gyp-bin:/home/naraku/code/github/react-yun-api/node_modules/.bin:/usr/local/bin:/usr/bin:/bin:/usr/local/games:/usr/games
10 verbose lifecycle MKRN@0.0.1~start-server: CWD: /home/naraku/code/github/react-yun-api
11 silly lifecycle MKRN@0.0.1~start-server: Args: [ '-c',
11 silly lifecycle   'NODE_ENV=development supervisor -i src/client src/server/server.js' ]
12 silly lifecycle MKRN@0.0.1~start-server: Returned: code: 1  signal: null
13 info lifecycle MKRN@0.0.1~start-server: Failed to exec start-server script
14 verbose stack Error: MKRN@0.0.1 start-server: `NODE_ENV=development supervisor -i src/client src/server/server.js`
14 verbose stack Exit status 1
14 verbose stack     at EventEmitter.<anonymous> (/usr/local/lib/node_modules/npm/lib/utils/lifecycle.js:232:16)
14 verbose stack     at emitTwo (events.js:87:13)
14 verbose stack     at EventEmitter.emit (events.js:172:7)
14 verbose stack     at ChildProcess.<anonymous> (/usr/local/lib/node_modules/npm/lib/utils/spawn.js:24:14)
14 verbose stack     at emitTwo (events.js:87:13)
14 verbose stack     at ChildProcess.emit (events.js:172:7)
14 verbose stack     at maybeClose (internal/child_process.js:821:16)
14 verbose stack     at Process.ChildProcess._handle.onexit (internal/child_process.js:211:5)
15 verbose pkgid MKRN@0.0.1
16 verbose cwd /home/naraku/code/github/react-yun-api
17 error Linux 4.2.0-1-amd64
18 error argv "/usr/local/bin/node" "/usr/local/bin/npm" "run" "start-server"
19 error node v5.4.0
20 error npm  v3.3.12
21 error code ELIFECYCLE
22 error MKRN@0.0.1 start-server: `NODE_ENV=development supervisor -i src/client src/server/server.js`
22 error Exit status 1
23 error Failed at the MKRN@0.0.1 start-server script 'NODE_ENV=development supervisor -i src/client src/server/server.js'.
23 error Make sure you have the latest version of node.js and npm installed.
23 error If you do, this is most likely a problem with the MKRN package,
23 error not with npm itself.
23 error Tell the author that this fails on your system:
23 error     NODE_ENV=development supervisor -i src/client src/server/server.js
23 error You can get their info via:
23 error     npm owner ls MKRN
23 error There is likely additional logging output above.
24 verbose exit [ 1, true ]
